This file contains any messages produced by compilers while
running configure, to aid debugging if configure makes a mistake.

It was created by acl configure 2.3.1, which was
generated by GNU Autoconf 2.69.  Invocation command line was

  $ /tmp/acl/src/acl-2.3.1/configure --prefix=/usr --disable-static

## --------- ##
## Platform. ##
## --------- ##

hostname = pop-os
uname -m = x86_64
uname -r = 5.11.0-7633-generic
uname -s = Linux
uname -v = #35~1630100930~21.04~ae2753e-Ubuntu SMP Mon Aug 30 18:26:54 UTC 

/usr/bin/uname -p = x86_64
/bin/uname -X     = unknown

/bin/arch              = x86_64
/usr/bin/arch -k       = unknown
/usr/convex/getsysinfo = unknown
/usr/bin/hostinfo      = unknown
/bin/machine           = unknown
/usr/bin/oslevel       = unknown
/bin/universe          = unknown

PATH: /usr/local/sbin
PATH: /usr/local/bin
PATH: /usr/sbin
PATH: /usr/bin
PATH: /sbin
PATH: /bin
PATH: /usr/games
PATH: /usr/local/games
PATH: /snap/bin


## ----------- ##
## Core tests. ##
## ----------- ##

configure:2299: checking for a BSD-compatible install
configure:2367: result: /usr/bin/install -c
configure:2378: checking whether build environment is sane
configure:2433: result: yes
configure:2584: checking for a thread-safe mkdir -p
configure:2623: result: /usr/bin/mkdir -p
configure:2630: checking for gawk
configure:2660: result: no
configure:2630: checking for mawk
configure:2646: found /usr/bin/mawk
configure:2657: result: mawk
configure:2668: checking whether make sets $(MAKE)
configure:2690: result: yes
configure:2719: checking whether make supports nested variables
configure:2736: result: yes
configure:2873: checking whether make supports nested variables
configure:2890: result: yes
configure:2950: checking for gcc
configure:2966: found /usr/bin/gcc
configure:2977: result: gcc
configure:3206: checking for C compiler version
configure:3215: gcc --version >&5
gcc (Ubuntu 10.3.0-1ubuntu1) 10.3.0
Copyright (C) 2020 Free Software Foundation, Inc.
This is free software; see the source for copying conditions.  There is NO
warranty; not even for MERCHANTABILITY or FITNESS FOR A PARTICULAR PURPOSE.

configure:3226: $? = 0
configure:3215: gcc -v >&5
Using built-in specs.
COLLECT_GCC=gcc
COLLECT_LTO_WRAPPER=/usr/lib/gcc/x86_64-linux-gnu/10/lto-wrapper
OFFLOAD_TARGET_NAMES=nvptx-none:amdgcn-amdhsa:hsa
OFFLOAD_TARGET_DEFAULT=1
Target: x86_64-linux-gnu
Configured with: ../src/configure -v --with-pkgversion='Ubuntu 10.3.0-1ubuntu1' --with-bugurl=file:///usr/share/doc/gcc-10/README.Bugs --enable-languages=c,ada,c++,go,brig,d,fortran,objc,obj-c++,m2 --prefix=/usr --with-gcc-major-version-only --program-suffix=-10 --program-prefix=x86_64-linux-gnu- --enable-shared --enable-linker-build-id --libexecdir=/usr/lib --without-included-gettext --enable-threads=posix --libdir=/usr/lib --enable-nls --enable-bootstrap --enable-clocale=gnu --enable-libstdcxx-debug --enable-libstdcxx-time=yes --with-default-libstdcxx-abi=new --enable-gnu-unique-object --disable-vtable-verify --enable-plugin --enable-default-pie --with-system-zlib --enable-libphobos-checking=release --with-target-system-zlib=auto --enable-objc-gc=auto --enable-multiarch --disable-werror --with-arch-32=i686 --with-abi=m64 --with-multilib-list=m32,m64,mx32 --enable-multilib --with-tune=generic --enable-offload-targets=nvptx-none=/build/gcc-10-gDeRY6/gcc-10-10.3.0/debian/tmp-nvptx/usr,amdgcn-amdhsa=/build/gcc-10-gDeRY6/gcc-10-10.3.0/debian/tmp-gcn/usr,hsa --without-cuda-driver --enable-checking=release --build=x86_64-linux-gnu --host=x86_64-linux-gnu --target=x86_64-linux-gnu --with-build-config=bootstrap-lto-lean --enable-link-mutex
Thread model: posix
Supported LTO compression algorithms: zlib zstd
gcc version 10.3.0 (Ubuntu 10.3.0-1ubuntu1) 
... rest of stderr output deleted ...
configure:3226: $? = 0
configure:3215: gcc -V >&5
gcc: error: unrecognized command-line option '-V'
gcc: fatal error: no input files
compilation terminated.
configure:3226: $? = 1
configure:3215: gcc -qversion >&5
gcc: error: unrecognized command-line option '-qversion'; did you mean '--version'?
gcc: fatal error: no input files
compilation terminated.
configure:3226: $? = 1
configure:3246: checking whether the C compiler works
configure:3268: gcc    conftest.c  >&5
configure:3272: $? = 0
configure:3320: result: yes
configure:3323: checking for C compiler default output file name
configure:3325: result: a.out
configure:3331: checking for suffix of executables
configure:3338: gcc -o conftest    conftest.c  >&5
configure:3342: $? = 0
configure:3364: result: 
configure:3386: checking whether we are cross compiling
configure:3394: gcc -o conftest    conftest.c  >&5
configure:3398: $? = 0
configure:3405: ./conftest
configure:3409: $? = 0
configure:3424: result: no
configure:3429: checking for suffix of object files
configure:3451: gcc -c   conftest.c >&5
configure:3455: $? = 0
configure:3476: result: o
configure:3480: checking whether we are using the GNU C compiler
configure:3499: gcc -c   conftest.c >&5
configure:3499: $? = 0
configure:3508: result: yes
configure:3517: checking whether gcc accepts -g
configure:3537: gcc -c -g  conftest.c >&5
configure:3537: $? = 0
configure:3578: result: yes
configure:3595: checking for gcc option to accept ISO C89
configure:3658: gcc  -c -g -O2  conftest.c >&5
configure:3658: $? = 0
configure:3671: result: none needed
configure:3696: checking whether gcc understands -c and -o together
configure:3718: gcc -c conftest.c -o conftest2.o
configure:3721: $? = 0
configure:3718: gcc -c conftest.c -o conftest2.o
configure:3721: $? = 0
configure:3733: result: yes
configure:3753: checking whether make supports the include directive
configure:3768: make -f confmf.GNU && cat confinc.out
this is the am__doit target
configure:3771: $? = 0
configure:3790: result: yes (GNU style)
configure:3815: checking dependency style of gcc
configure:3926: result: gcc3
configure:3948: checking how to run the C preprocessor
configure:3979: gcc -E  conftest.c
configure:3979: $? = 0
configure:3993: gcc -E  conftest.c
conftest.c:11:10: fatal error: ac_nonexistent.h: No such file or directory
   11 | #include <ac_nonexistent.h>
      |          ^~~~~~~~~~~~~~~~~~
compilation terminated.
configure:3993: $? = 1
configure: failed program was:
| /* confdefs.h */
| #define PACKAGE_NAME "acl"
| #define PACKAGE_TARNAME "acl"
| #define PACKAGE_VERSION "2.3.1"
| #define PACKAGE_STRING "acl 2.3.1"
| #define PACKAGE_BUGREPORT "acl-devel@nongnu.org"
| #define PACKAGE_URL ""
| #define PACKAGE "acl"
| #define VERSION "2.3.1"
| /* end confdefs.h.  */
| #include <ac_nonexistent.h>
configure:4018: result: gcc -E
configure:4038: gcc -E  conftest.c
configure:4038: $? = 0
configure:4052: gcc -E  conftest.c
conftest.c:11:10: fatal error: ac_nonexistent.h: No such file or directory
   11 | #include <ac_nonexistent.h>
      |          ^~~~~~~~~~~~~~~~~~
compilation terminated.
configure:4052: $? = 1
configure: failed program was:
| /* confdefs.h */
| #define PACKAGE_NAME "acl"
| #define PACKAGE_TARNAME "acl"
| #define PACKAGE_VERSION "2.3.1"
| #define PACKAGE_STRING "acl 2.3.1"
| #define PACKAGE_BUGREPORT "acl-devel@nongnu.org"
| #define PACKAGE_URL ""
| #define PACKAGE "acl"
| #define VERSION "2.3.1"
| /* end confdefs.h.  */
| #include <ac_nonexistent.h>
configure:4081: checking for grep that handles long lines and -e
configure:4139: result: /usr/bin/grep
configure:4144: checking for egrep
configure:4206: result: /usr/bin/grep -E
configure:4211: checking for ANSI C header files
configure:4231: gcc -c -g -O2  conftest.c >&5
configure:4231: $? = 0
configure:4304: gcc -o conftest -g -O2   conftest.c  >&5
configure:4304: $? = 0
configure:4304: ./conftest
configure:4304: $? = 0
configure:4315: result: yes
configure:4328: checking for sys/types.h
configure:4328: gcc -c -g -O2  conftest.c >&5
configure:4328: $? = 0
configure:4328: result: yes
configure:4328: checking for sys/stat.h
configure:4328: gcc -c -g -O2  conftest.c >&5
configure:4328: $? = 0
configure:4328: result: yes
configure:4328: checking for stdlib.h
configure:4328: gcc -c -g -O2  conftest.c >&5
configure:4328: $? = 0
configure:4328: result: yes
configure:4328: checking for string.h
configure:4328: gcc -c -g -O2  conftest.c >&5
configure:4328: $? = 0
configure:4328: result: yes
configure:4328: checking for memory.h
configure:4328: gcc -c -g -O2  conftest.c >&5
configure:4328: $? = 0
configure:4328: result: yes
configure:4328: checking for strings.h
configure:4328: gcc -c -g -O2  conftest.c >&5
configure:4328: $? = 0
configure:4328: result: yes
configure:4328: checking for inttypes.h
configure:4328: gcc -c -g -O2  conftest.c >&5
configure:4328: $? = 0
configure:4328: result: yes
configure:4328: checking for stdint.h
configure:4328: gcc -c -g -O2  conftest.c >&5
configure:4328: $? = 0
configure:4328: result: yes
configure:4328: checking for unistd.h
configure:4328: gcc -c -g -O2  conftest.c >&5
configure:4328: $? = 0
configure:4328: result: yes
configure:4341: checking minix/config.h usability
configure:4341: gcc -c -g -O2  conftest.c >&5
conftest.c:54:10: fatal error: minix/config.h: No such file or directory
   54 | #include <minix/config.h>
      |          ^~~~~~~~~~~~~~~~
compilation terminated.
configure:4341: $? = 1
configure: failed program was:
| /* confdefs.h */
| #define PACKAGE_NAME "acl"
| #define PACKAGE_TARNAME "acl"
| #define PACKAGE_VERSION "2.3.1"
| #define PACKAGE_STRING "acl 2.3.1"
| #define PACKAGE_BUGREPORT "acl-devel@nongnu.org"
| #define PACKAGE_URL ""
| #define PACKAGE "acl"
| #define VERSION "2.3.1"
| #define STDC_HEADERS 1
| #define HAVE_SYS_TYPES_H 1
| #define HAVE_SYS_STAT_H 1
| #define HAVE_STDLIB_H 1
| #define HAVE_STRING_H 1
| #define HAVE_MEMORY_H 1
| #define HAVE_STRINGS_H 1
| #define HAVE_INTTYPES_H 1
| #define HAVE_STDINT_H 1
| #define HAVE_UNISTD_H 1
| /* end confdefs.h.  */
| #include <stdio.h>
| #ifdef HAVE_SYS_TYPES_H
| # include <sys/types.h>
| #endif
| #ifdef HAVE_SYS_STAT_H
| # include <sys/stat.h>
| #endif
| #ifdef STDC_HEADERS
| # include <stdlib.h>
| # include <stddef.h>
| #else
| # ifdef HAVE_STDLIB_H
| #  include <stdlib.h>
| # endif
| #endif
| #ifdef HAVE_STRING_H
| # if !defined STDC_HEADERS && defined HAVE_MEMORY_H
| #  include <memory.h>
| # endif
| # include <string.h>
| #endif
| #ifdef HAVE_STRINGS_H
| # include <strings.h>
| #endif
| #ifdef HAVE_INTTYPES_H
| # include <inttypes.h>
| #endif
| #ifdef HAVE_STDINT_H
| # include <stdint.h>
| #endif
| #ifdef HAVE_UNISTD_H
| # include <unistd.h>
| #endif
| #include <minix/config.h>
configure:4341: result: no
configure:4341: checking minix/config.h presence
configure:4341: gcc -E  conftest.c
conftest.c:21:10: fatal error: minix/config.h: No such file or directory
   21 | #include <minix/config.h>
      |          ^~~~~~~~~~~~~~~~
compilation terminated.
configure:4341: $? = 1
configure: failed program was:
| /* confdefs.h */
| #define PACKAGE_NAME "acl"
| #define PACKAGE_TARNAME "acl"
| #define PACKAGE_VERSION "2.3.1"
| #define PACKAGE_STRING "acl 2.3.1"
| #define PACKAGE_BUGREPORT "acl-devel@nongnu.org"
| #define PACKAGE_URL ""
| #define PACKAGE "acl"
| #define VERSION "2.3.1"
| #define STDC_HEADERS 1
| #define HAVE_SYS_TYPES_H 1
| #define HAVE_SYS_STAT_H 1
| #define HAVE_STDLIB_H 1
| #define HAVE_STRING_H 1
| #define HAVE_MEMORY_H 1
| #define HAVE_STRINGS_H 1
| #define HAVE_INTTYPES_H 1
| #define HAVE_STDINT_H 1
| #define HAVE_UNISTD_H 1
| /* end confdefs.h.  */
| #include <minix/config.h>
configure:4341: result: no
configure:4341: checking for minix/config.h
configure:4341: result: no
configure:4362: checking whether it is safe to define __EXTENSIONS__
configure:4380: gcc -c -g -O2  conftest.c >&5
configure:4380: $? = 0
configure:4387: result: yes
configure:4401: checking whether __attribute__((visibility())) is supported
configure:4422: result: yes
configure:4438: checking whether byte ordering is bigendian
configure:4453: gcc -c -g -O2 -fvisibility=hidden  conftest.c >&5
conftest.c:29:9: error: unknown type name 'not'
   29 |         not a universal capable compiler
      |         ^~~
conftest.c:29:15: error: expected '=', ',', ';', 'asm' or '__attribute__' before 'universal'
   29 |         not a universal capable compiler
      |               ^~~~~~~~~
conftest.c:29:15: error: unknown type name 'universal'
configure:4453: $? = 1
configure: failed program was:
| /* confdefs.h */
| #define PACKAGE_NAME "acl"
| #define PACKAGE_TARNAME "acl"
| #define PACKAGE_VERSION "2.3.1"
| #define PACKAGE_STRING "acl 2.3.1"
| #define PACKAGE_BUGREPORT "acl-devel@nongnu.org"
| #define PACKAGE_URL ""
| #define PACKAGE "acl"
| #define VERSION "2.3.1"
| #define STDC_HEADERS 1
| #define HAVE_SYS_TYPES_H 1
| #define HAVE_SYS_STAT_H 1
| #define HAVE_STDLIB_H 1
| #define HAVE_STRING_H 1
| #define HAVE_MEMORY_H 1
| #define HAVE_STRINGS_H 1
| #define HAVE_INTTYPES_H 1
| #define HAVE_STDINT_H 1
| #define HAVE_UNISTD_H 1
| #define __EXTENSIONS__ 1
| #define _ALL_SOURCE 1
| #define _GNU_SOURCE 1
| #define _POSIX_PTHREAD_SEMANTICS 1
| #define _TANDEM_SOURCE 1
| #define HAVE_VISIBILITY_ATTRIBUTE /**/
| #define EXPORT __attribute__ ((visibility ("default"))) extern
| /* end confdefs.h.  */
| #ifndef __APPLE_CC__
| 	       not a universal capable compiler
| 	     #endif
| 	     typedef int dummy;
| 
configure:4498: gcc -c -g -O2 -fvisibility=hidden  conftest.c >&5
configure:4498: $? = 0
configure:4516: gcc -c -g -O2 -fvisibility=hidden  conftest.c >&5
conftest.c: In function 'main':
conftest.c:35:4: error: unknown type name 'not'; did you mean 'ino_t'?
   35 |    not big endian
      |    ^~~
      |    ino_t
conftest.c:35:12: error: expected '=', ',', ';', 'asm' or '__attribute__' before 'endian'
   35 |    not big endian
      |            ^~~~~~
configure:4516: $? = 1
configure: failed program was:
| /* confdefs.h */
| #define PACKAGE_NAME "acl"
| #define PACKAGE_TARNAME "acl"
| #define PACKAGE_VERSION "2.3.1"
| #define PACKAGE_STRING "acl 2.3.1"
| #define PACKAGE_BUGREPORT "acl-devel@nongnu.org"
| #define PACKAGE_URL ""
| #define PACKAGE "acl"
| #define VERSION "2.3.1"
| #define STDC_HEADERS 1
| #define HAVE_SYS_TYPES_H 1
| #define HAVE_SYS_STAT_H 1
| #define HAVE_STDLIB_H 1
| #define HAVE_STRING_H 1
| #define HAVE_MEMORY_H 1
| #define HAVE_STRINGS_H 1
| #define HAVE_INTTYPES_H 1
| #define HAVE_STDINT_H 1
| #define HAVE_UNISTD_H 1
| #define __EXTENSIONS__ 1
| #define _ALL_SOURCE 1
| #define _GNU_SOURCE 1
| #define _POSIX_PTHREAD_SEMANTICS 1
| #define _TANDEM_SOURCE 1
| #define HAVE_VISIBILITY_ATTRIBUTE /**/
| #define EXPORT __attribute__ ((visibility ("default"))) extern
| /* end confdefs.h.  */
| #include <sys/types.h>
| 		#include <sys/param.h>
| 
| int
| main ()
| {
| #if BYTE_ORDER != BIG_ENDIAN
| 		 not big endian
| 		#endif
| 
|   ;
|   return 0;
| }
configure:4644: result: no
configure:4669: checking for special C compiler options needed for large files
configure:4714: result: no
configure:4720: checking for _FILE_OFFSET_BITS value needed for large files
configure:4745: gcc -c -g -O2 -fvisibility=hidden  conftest.c >&5
configure:4745: $? = 0
configure:4777: result: no
configure:4912: checking for ar
configure:4928: found /usr/bin/ar
configure:4939: result: ar
configure:4965: checking the archiver (ar) interface
configure:4981: gcc -c -g -O2 -fvisibility=hidden  conftest.c >&5
configure:4981: $? = 0
configure:4983: ar cru libconftest.a conftest.o >&5
ar: `u' modifier ignored since `D' is the default (see `U')
configure:4986: $? = 0
configure:5014: result: ar
configure:5063: checking build system type

## ---------------- ##
## Cache variables. ##
## ---------------- ##

ac_cv_c_bigendian=no
ac_cv_c_compiler_gnu=yes
ac_cv_env_CC_set=
ac_cv_env_CC_value=
ac_cv_env_CFLAGS_set=
ac_cv_env_CFLAGS_value=
ac_cv_env_CPPFLAGS_set=
ac_cv_env_CPPFLAGS_value=
ac_cv_env_CPP_set=
ac_cv_env_CPP_value=
ac_cv_env_LDFLAGS_set=
ac_cv_env_LDFLAGS_value=
ac_cv_env_LIBS_set=
ac_cv_env_LIBS_value=
ac_cv_env_LT_SYS_LIBRARY_PATH_set=
ac_cv_env_LT_SYS_LIBRARY_PATH_value=
ac_cv_env_build_alias_set=
ac_cv_env_build_alias_value=
ac_cv_env_host_alias_set=
ac_cv_env_host_alias_value=
ac_cv_env_target_alias_set=
ac_cv_env_target_alias_value=
ac_cv_header_inttypes_h=yes
ac_cv_header_memory_h=yes
ac_cv_header_minix_config_h=no
ac_cv_header_stdc=yes
ac_cv_header_stdint_h=yes
ac_cv_header_stdlib_h=yes
ac_cv_header_string_h=yes
ac_cv_header_strings_h=yes
ac_cv_header_sys_stat_h=yes
ac_cv_header_sys_types_h=yes
ac_cv_header_unistd_h=yes
ac_cv_objext=o
ac_cv_path_EGREP='/usr/bin/grep -E'
ac_cv_path_GREP=/usr/bin/grep
ac_cv_path_install='/usr/bin/install -c'
ac_cv_path_mkdir=/usr/bin/mkdir
ac_cv_prog_AWK=mawk
ac_cv_prog_CPP='gcc -E'
ac_cv_prog_ac_ct_AR=ar
ac_cv_prog_ac_ct_CC=gcc
ac_cv_prog_cc_c89=
ac_cv_prog_cc_g=yes
ac_cv_prog_make_make_set=yes
ac_cv_safe_to_define___extensions__=yes
ac_cv_sys_file_offset_bits=no
ac_cv_sys_largefile_CC=no
am_cv_CC_dependencies_compiler_type=gcc3
am_cv_ar_interface=ar
am_cv_make_support_nested_variables=yes
am_cv_prog_cc_c_o=yes
libc_cv_visibility_attribute=yes

## ----------------- ##
## Output variables. ##
## ----------------- ##

ACLOCAL='${SHELL} /tmp/acl/src/acl-2.3.1/build-aux/missing aclocal-1.16'
AMDEPBACKSLASH='\'
AMDEP_FALSE='#'
AMDEP_TRUE=''
AMTAR='$${TAR-tar}'
AM_BACKSLASH='\'
AM_DEFAULT_V='$(AM_DEFAULT_VERBOSITY)'
AM_DEFAULT_VERBOSITY='0'
AM_V='$(V)'
AR='ar'
AUTOCONF='${SHELL} /tmp/acl/src/acl-2.3.1/build-aux/missing autoconf'
AUTOHEADER='${SHELL} /tmp/acl/src/acl-2.3.1/build-aux/missing autoheader'
AUTOMAKE='${SHELL} /tmp/acl/src/acl-2.3.1/build-aux/missing automake-1.16'
AWK='mawk'
CC='gcc'
CCDEPMODE='depmode=gcc3'
CFLAGS='-g -O2 -fvisibility=hidden'
CPP='gcc -E'
CPPFLAGS=''
CYGPATH_W='echo'
DEFS=''
DEPDIR='.deps'
DLLTOOL=''
DSYMUTIL=''
DUMPBIN=''
ECHO_C=''
ECHO_N='-n'
ECHO_T=''
EGREP='/usr/bin/grep -E'
EXEEXT=''
FGREP=''
GETTEXT_MACRO_VERSION=''
GMSGFMT=''
GMSGFMT_015=''
GREP='/usr/bin/grep'
INSTALL_DATA='${INSTALL} -m 644'
INSTALL_PROGRAM='${INSTALL}'
INSTALL_SCRIPT='${INSTALL}'
INSTALL_STRIP_PROGRAM='$(install_sh) -c -s'
INTLLIBS=''
INTL_MACOSX_LIBS=''
LD=''
LDFLAGS=''
LIBICONV=''
LIBINTL=''
LIBOBJS=''
LIBS=''
LIBTOOL=''
LIPO=''
LN_S=''
LTLIBICONV=''
LTLIBINTL=''
LTLIBOBJS=''
LT_REVISION=''
LT_SYS_LIBRARY_PATH=''
MAKEINFO='${SHELL} /tmp/acl/src/acl-2.3.1/build-aux/missing makeinfo'
MANIFEST_TOOL=''
MKDIR_P='/usr/bin/mkdir -p'
MSGFMT=''
MSGFMT_015=''
MSGMERGE=''
NM=''
NMEDIT=''
OBJDUMP=''
OBJEXT='o'
OTOOL64=''
OTOOL=''
PACKAGE='acl'
PACKAGE_BUGREPORT='acl-devel@nongnu.org'
PACKAGE_NAME='acl'
PACKAGE_STRING='acl 2.3.1'
PACKAGE_TARNAME='acl'
PACKAGE_URL=''
PACKAGE_VERSION='2.3.1'
PATH_SEPARATOR=':'
POSUB=''
RANLIB=''
SED=''
SET_MAKE=''
SHELL='/bin/bash'
STRIP=''
USE_NLS=''
VERSION='2.3.1'
XGETTEXT=''
XGETTEXT_015=''
XGETTEXT_EXTRA_OPTIONS=''
ac_ct_AR='ar'
ac_ct_CC='gcc'
ac_ct_DUMPBIN=''
am__EXEEXT_FALSE=''
am__EXEEXT_TRUE=''
am__fastdepCC_FALSE='#'
am__fastdepCC_TRUE=''
am__include='include'
am__isrc=' -I$(srcdir)'
am__leading_dot='.'
am__nodep='_no'
am__quote=''
am__tar='$${TAR-tar} chof - "$$tardir"'
am__untar='$${TAR-tar} xf -'
bindir='${exec_prefix}/bin'
build=''
build_alias=''
build_cpu=''
build_os=''
build_vendor=''
datadir='${datarootdir}'
datarootdir='${prefix}/share'
docdir='${datarootdir}/doc/${PACKAGE_TARNAME}'
dvidir='${docdir}'
exec_prefix='NONE'
host=''
host_alias=''
host_cpu=''
host_os=''
host_vendor=''
htmldir='${docdir}'
includedir='${prefix}/include'
infodir='${datarootdir}/info'
install_sh='${SHELL} /tmp/acl/src/acl-2.3.1/build-aux/install-sh'
libattr=''
libdir='${exec_prefix}/lib'
libexecdir='${exec_prefix}/libexec'
localedir='${datarootdir}/locale'
localstatedir='${prefix}/var'
mandir='${datarootdir}/man'
mkdir_p='$(MKDIR_P)'
oldincludedir='/usr/include'
pdfdir='${docdir}'
prefix='/usr'
program_transform_name='s,x,x,'
psdir='${docdir}'
sbindir='${exec_prefix}/sbin'
sharedstatedir='${prefix}/com'
sysconfdir='${prefix}/etc'
target_alias=''

## ----------- ##
## confdefs.h. ##
## ----------- ##

/* confdefs.h */
#define PACKAGE_NAME "acl"
#define PACKAGE_TARNAME "acl"
#define PACKAGE_VERSION "2.3.1"
#define PACKAGE_STRING "acl 2.3.1"
#define PACKAGE_BUGREPORT "acl-devel@nongnu.org"
#define PACKAGE_URL ""
#define PACKAGE "acl"
#define VERSION "2.3.1"
#define STDC_HEADERS 1
#define HAVE_SYS_TYPES_H 1
#define HAVE_SYS_STAT_H 1
#define HAVE_STDLIB_H 1
#define HAVE_STRING_H 1
#define HAVE_MEMORY_H 1
#define HAVE_STRINGS_H 1
#define HAVE_INTTYPES_H 1
#define HAVE_STDINT_H 1
#define HAVE_UNISTD_H 1
#define __EXTENSIONS__ 1
#define _ALL_SOURCE 1
#define _GNU_SOURCE 1
#define _POSIX_PTHREAD_SEMANTICS 1
#define _TANDEM_SOURCE 1
#define HAVE_VISIBILITY_ATTRIBUTE /**/
#define EXPORT __attribute__ ((visibility ("default"))) extern

configure: caught signal 2
configure: exit 1
